[2025-02-06 19:52:12,027] multiqc                                            [DEBUG  ]  This is MultiQC v1.19
[2025-02-06 19:52:12,029] multiqc                                            [DEBUG  ]  Command used: /home/nastasista/miniconda3/bin/multiqc fastqc_trimmed -o fastqc_trimmed
[2025-02-06 19:52:12,931] multiqc                                            [WARNING]  MultiQC Version v1.27 now available!
[2025-02-06 19:52:12,931] multiqc                                            [DEBUG  ]  Working dir : /mnt/e/CRPC
[2025-02-06 19:52:12,931] multiqc                                            [DEBUG  ]  Template    : default
[2025-02-06 19:52:12,931] multiqc                                            [DEBUG  ]  Running Python 3.12.2 | packaged by conda-forge | (main, Feb 16 2024, 20:50:58) [GCC 12.3.0]
[2025-02-06 19:52:12,932] multiqc                                            [DEBUG  ]  Analysing modules: custom_content, ccs, ngsderive, purple, conpair, lima, peddy, somalier, methylQA, mosdepth, phantompeakqualtools, qualimap, preseq, hifiasm, quast, qorts, rna_seqc, rockhopper, rsem, rseqc, busco, bustools, goleft_indexcov, gffcompare, disambiguate, supernova, deeptools, sargasso, verifybamid, mirtrace, happy, mirtop, sambamba, gopeaks, homer, hops, macs2, theta2, snpeff, gatk, htseq, bcftools, featureCounts, fgbio, dragen, dragen_fastqc, dedup, pbmarkdup, damageprofiler, mapdamage, biobambam2, jcvi, mtnucratio, picard, vep, bakta, prokka, qc3C, nanostat, samblaster, samtools, sexdeterrmine, seqera_cli, eigenstratdatabasetools, bamtools, jellyfish, vcftools, longranger, stacks, varscan2, snippy, umitools, truvari, bbmap, bismark, biscuit, diamond, hicexplorer, hicup, hicpro, salmon, kallisto, slamdunk, star, hisat2, tophat, bowtie2, bowtie1, cellranger, snpsplit, odgi, pangolin, nextclade, freyja, humid, kat, leehom, librarian, adapterRemoval, bbduk, clipandmerge, cutadapt, flexbar, sourmash, kaiju, bracken, kraken, malt, motus, trimmomatic, sickle, skewer, sortmerna, biobloomtools, fastq_screen, afterqc, fastp, fastqc, filtlong, prinseqplusplus, pychopper, porechop, pycoqc, minionqc, anglerfish, multivcfanalyzer, clusterflow, checkqc, bcl2fastq, bclconvert, interop, ivar, flash, seqyclean, optitype, whatshap, xenome, xengsort
[2025-02-06 19:52:12,942] multiqc                                            [DEBUG  ]  Using temporary directory for creating report: /tmp/tmpvsvd3804
[2025-02-06 19:52:12,945] multiqc                                            [INFO   ]  Search path : /mnt/e/CRPC/fastqc_trimmed
[2025-02-06 19:52:13,237] multiqc                                            [DEBUG  ]  Summary of files that were skipped by the search: [skipped_module_specific_max_filesize: 130] // [skipped_no_match: 10]
[2025-02-06 19:52:13,463] multiqc.plots.bargraph                             [DEBUG  ]  Using matplotlib version 3.10.0
[2025-02-06 19:52:13,464] multiqc.plots.linegraph                            [DEBUG  ]  Using matplotlib version 3.10.0
[2025-02-06 19:52:13,465] multiqc                                            [DEBUG  ]  No samples found: custom_content
[2025-02-06 19:52:13,715] multiqc.modules.fastqc.fastqc                      [INFO   ]  Found 10 reports
[2025-02-06 19:52:13,729] multiqc.utils.software_versions                    [DEBUG  ]  Reading software versions from config.software_versions
[2025-02-06 19:52:13,733] multiqc                                            [DEBUG  ]  Compressing plot data
[2025-02-06 19:52:13,781] multiqc                                            [INFO   ]  Report      : fastqc_trimmed/multiqc_report.html
[2025-02-06 19:52:13,781] multiqc                                            [INFO   ]  Data        : fastqc_trimmed/multiqc_data
[2025-02-06 19:52:13,781] multiqc                                            [DEBUG  ]  Moving data file from '/tmp/tmpvsvd3804/multiqc_data' to 'fastqc_trimmed/multiqc_data'
[2025-02-06 19:52:14,389] multiqc                                            [DEBUG  ]  Full report path: /mnt/e/CRPC/fastqc_trimmed/multiqc_report.html
[2025-02-06 19:52:14,496] multiqc                                            [INFO   ]  MultiQC complete
