[2025-02-05 18:36:14,021] multiqc                                            [DEBUG  ]  This is MultiQC v1.19
[2025-02-05 18:36:14,022] multiqc                                            [DEBUG  ]  Command used: /home/nastasista/miniconda3/bin/multiqc /mnt/e/CRPC/fastqc_results/ -o /mnt/e/CRPC/fastqc_results/
[2025-02-05 18:36:14,849] multiqc                                            [WARNING]  MultiQC Version v1.27 now available!
[2025-02-05 18:36:14,849] multiqc                                            [DEBUG  ]  Working dir : /mnt/e/CRPC
[2025-02-05 18:36:14,849] multiqc                                            [DEBUG  ]  Template    : default
[2025-02-05 18:36:14,849] multiqc                                            [DEBUG  ]  Running Python 3.12.2 | packaged by conda-forge | (main, Feb 16 2024, 20:50:58) [GCC 12.3.0]
[2025-02-05 18:36:14,849] multiqc                                            [DEBUG  ]  Analysing modules: custom_content, ccs, ngsderive, purple, conpair, lima, peddy, somalier, methylQA, mosdepth, phantompeakqualtools, qualimap, preseq, hifiasm, quast, qorts, rna_seqc, rockhopper, rsem, rseqc, busco, bustools, goleft_indexcov, gffcompare, disambiguate, supernova, deeptools, sargasso, verifybamid, mirtrace, happy, mirtop, sambamba, gopeaks, homer, hops, macs2, theta2, snpeff, gatk, htseq, bcftools, featureCounts, fgbio, dragen, dragen_fastqc, dedup, pbmarkdup, damageprofiler, mapdamage, biobambam2, jcvi, mtnucratio, picard, vep, bakta, prokka, qc3C, nanostat, samblaster, samtools, sexdeterrmine, seqera_cli, eigenstratdatabasetools, bamtools, jellyfish, vcftools, longranger, stacks, varscan2, snippy, umitools, truvari, bbmap, bismark, biscuit, diamond, hicexplorer, hicup, hicpro, salmon, kallisto, slamdunk, star, hisat2, tophat, bowtie2, bowtie1, cellranger, snpsplit, odgi, pangolin, nextclade, freyja, humid, kat, leehom, librarian, adapterRemoval, bbduk, clipandmerge, cutadapt, flexbar, sourmash, kaiju, bracken, kraken, malt, motus, trimmomatic, sickle, skewer, sortmerna, biobloomtools, fastq_screen, afterqc, fastp, fastqc, filtlong, prinseqplusplus, pychopper, porechop, pycoqc, minionqc, anglerfish, multivcfanalyzer, clusterflow, checkqc, bcl2fastq, bclconvert, interop, ivar, flash, seqyclean, optitype, whatshap, xenome, xengsort
[2025-02-05 18:36:14,850] multiqc                                            [DEBUG  ]  Using temporary directory for creating report: /tmp/tmps2kq0ej3
[2025-02-05 18:36:14,850] multiqc                                            [INFO   ]  Search path : /mnt/e/CRPC/fastqc_results
[2025-02-05 18:36:15,178] multiqc                                            [DEBUG  ]  Summary of files that were skipped by the search: [skipped_module_specific_max_filesize: 130] // [skipped_no_match: 10]
[2025-02-05 18:36:15,368] multiqc.plots.bargraph                             [DEBUG  ]  Using matplotlib version 3.10.0
[2025-02-05 18:36:15,369] multiqc.plots.linegraph                            [DEBUG  ]  Using matplotlib version 3.10.0
[2025-02-05 18:36:15,369] multiqc                                            [DEBUG  ]  No samples found: custom_content
[2025-02-05 18:36:15,683] multiqc.modules.fastqc.fastqc                      [INFO   ]  Found 10 reports
[2025-02-05 18:36:15,697] multiqc.utils.software_versions                    [DEBUG  ]  Reading software versions from config.software_versions
[2025-02-05 18:36:15,700] multiqc                                            [DEBUG  ]  Compressing plot data
[2025-02-05 18:36:15,753] multiqc                                            [INFO   ]  Report      : fastqc_results/multiqc_report.html
[2025-02-05 18:36:15,754] multiqc                                            [INFO   ]  Data        : fastqc_results/multiqc_data
[2025-02-05 18:36:15,754] multiqc                                            [DEBUG  ]  Moving data file from '/tmp/tmps2kq0ej3/multiqc_data' to '/mnt/e/CRPC/fastqc_results/multiqc_data'
[2025-02-05 18:36:33,655] multiqc                                            [DEBUG  ]  Full report path: /mnt/e/CRPC/fastqc_results/multiqc_report.html
[2025-02-05 18:36:33,706] multiqc                                            [INFO   ]  MultiQC complete
